08-Nov-2022 10:42:18.785 INFO [main] org.apache.catalina.startup.VersionLoggerListener.log Server version name:   Apache Tomcat/9.0.68
08-Nov-2022 10:42:18.793 INFO [main] org.apache.catalina.startup.VersionLoggerListener.log Server built:          Oct 3 2022 19:06:10 UTC
08-Nov-2022 10:42:18.793 INFO [main] org.apache.catalina.startup.VersionLoggerListener.log Server version number: 9.0.68.0
08-Nov-2022 10:42:18.793 INFO [main] org.apache.catalina.startup.VersionLoggerListener.log OS Name:               Windows 10
08-Nov-2022 10:42:18.793 INFO [main] org.apache.catalina.startup.VersionLoggerListener.log OS Version:            10.0
08-Nov-2022 10:42:18.793 INFO [main] org.apache.catalina.startup.VersionLoggerListener.log Architecture:          amd64
08-Nov-2022 10:42:18.793 INFO [main] org.apache.catalina.startup.VersionLoggerListener.log Java Home:             C:\Program Files\Java\jdk1.8.0_221\jre
08-Nov-2022 10:42:18.793 INFO [main] org.apache.catalina.startup.VersionLoggerListener.log JVM Version:           1.8.0_221-b11
08-Nov-2022 10:42:18.793 INFO [main] org.apache.catalina.startup.VersionLoggerListener.log JVM Vendor:            Oracle Corporation
08-Nov-2022 10:42:18.793 INFO [main] org.apache.catalina.startup.VersionLoggerListener.log CATALINA_BASE:         D:\Documents\NetBeansProjects\apache-tomcat-9.0.68
08-Nov-2022 10:42:18.793 INFO [main] org.apache.catalina.startup.VersionLoggerListener.log CATALINA_HOME:         D:\Documents\NetBeansProjects\apache-tomcat-9.0.68
08-Nov-2022 10:42:18.801 INFO [main] org.apache.catalina.startup.VersionLoggerListener.log Command line argument: -Djava.util.logging.config.file=D:\Documents\NetBeansProjects\apache-tomcat-9.0.68\conf\logging.properties
08-Nov-2022 10:42:18.801 INFO [main] org.apache.catalina.startup.VersionLoggerListener.log Command line argument: -Djava.util.logging.manager=org.apache.juli.ClassLoaderLogManager
08-Nov-2022 10:42:18.801 INFO [main] org.apache.catalina.startup.VersionLoggerListener.log Command line argument: -Dhttp.nonProxyHosts=localhost|127.0.0.1|DESKTOP-ANDRI
08-Nov-2022 10:42:18.801 INFO [main] org.apache.catalina.startup.VersionLoggerListener.log Command line argument: -Djdk.tls.ephemeralDHKeySize=2048
08-Nov-2022 10:42:18.801 INFO [main] org.apache.catalina.startup.VersionLoggerListener.log Command line argument: -Djava.protocol.handler.pkgs=org.apache.catalina.webresources
08-Nov-2022 10:42:18.801 INFO [main] org.apache.catalina.startup.VersionLoggerListener.log Command line argument: -Dignore.endorsed.dirs=
08-Nov-2022 10:42:18.801 INFO [main] org.apache.catalina.startup.VersionLoggerListener.log Command line argument: -Dcatalina.base=D:\Documents\NetBeansProjects\apache-tomcat-9.0.68
08-Nov-2022 10:42:18.801 INFO [main] org.apache.catalina.startup.VersionLoggerListener.log Command line argument: -Dcatalina.home=D:\Documents\NetBeansProjects\apache-tomcat-9.0.68
08-Nov-2022 10:42:18.801 INFO [main] org.apache.catalina.startup.VersionLoggerListener.log Command line argument: -Djava.io.tmpdir=D:\Documents\NetBeansProjects\apache-tomcat-9.0.68\temp
08-Nov-2022 10:42:18.817 INFO [main] org.apache.catalina.core.AprLifecycleListener.lifecycleEvent The Apache Tomcat Native library which allows using OpenSSL was not found on the java.library.path: [C:\Program Files\Java\jdk1.8.0_221\bin;C:\WINDOWS\Sun\Java\bin;C:\WINDOWS\system32;C:\WINDOWS;C:\Program Files (x86)\Common Files\Intel\Shared Libraries\redist\intel64\compiler;C:\Program Files (x86)\Common Files\Oracle\Java\javapath;C:\Windows\system32;C:\Windows;C:\Windows\System32\Wbem;C:\Windows\System32\WindowsPowerShell\v1.0\;C:\Windows\System32\OpenSSH\;C:\Program Files\NVIDIA Corporation\NVIDIA NvDLISR;C:\Program Files (x86)\NVIDIA Corporation\PhysX\Common;C:\WINDOWS\system32;C:\WINDOWS;C:\WINDOWS\System32\Wbem;C:\WINDOWS\System32\WindowsPowerShell\v1.0\;C:\WINDOWS\System32\OpenSSH\;C:\Program Files (x86)\GtkSharp\2.12\bin;C:\Program Files (x86)\Microsoft SQL Server\110\Tools\Binn\;C:\Program Files\Microsoft SQL Server\110\Tools\Binn\;C:\Program Files\Microsoft SQL Server\110\DTS\Binn\;C:\Program Files (x86)\Microsoft SQL Server\110\Tools\Binn\ManagementStudio\;C:\Program Files (x86)\Microsoft Visual Studio 10.0\Common7\IDE\PrivateAssemblies\;C:\Program Files (x86)\Microsoft SQL Server\110\DTS\Binn\;C:\Program Files\Git\cmd;C:\Users\andri\AppData\Local\Microsoft\WindowsApps;C:\Users\andri\AppData\Local\GitHubDesktop\bin;C:\Users\andri\AppData\Local\Programs\Microsoft VS Code\bin;C:\Program Files\Java\jdk1.8.0_221\bin;;.]
08-Nov-2022 10:42:20.297 INFO [main] org.apache.coyote.AbstractProtocol.init Initializing ProtocolHandler ["http-nio-8080"]
08-Nov-2022 10:42:20.393 INFO [main] org.apache.catalina.startup.Catalina.load Server initialization in [2151] milliseconds
08-Nov-2022 10:42:20.473 INFO [main] org.apache.catalina.core.StandardService.startInternal Starting service [Catalina]
08-Nov-2022 10:42:20.473 INFO [main] org.apache.catalina.core.StandardEngine.startInternal Starting Servlet engine: [Apache Tomcat/9.0.68]
08-Nov-2022 10:42:20.489 INFO [main] org.apache.catalina.startup.HostConfig.deployDescriptor Deploying deployment descriptor [D:\Documents\NetBeansProjects\apache-tomcat-9.0.68\conf\Catalina\localhost\tplp016.xml]
08-Nov-2022 10:42:20.601 WARNING [main] org.apache.catalina.startup.HostConfig.deployDescriptor The path attribute with value [/tplp016] in deployment descriptor [D:\Documents\NetBeansProjects\apache-tomcat-9.0.68\conf\Catalina\localhost\tplp016.xml] has been ignored
08-Nov-2022 10:42:21.267 WARNING [main] org.apache.catalina.util.SessionIdGeneratorBase.createSecureRandom Creation of SecureRandom instance for session ID generation using [SHA1PRNG] took [181] milliseconds.
08-Nov-2022 10:42:21.360 INFO [main] org.apache.catalina.startup.HostConfig.deployDescriptor Deployment of deployment descriptor [D:\Documents\NetBeansProjects\apache-tomcat-9.0.68\conf\Catalina\localhost\tplp016.xml] has finished in [871] ms
08-Nov-2022 10:42:21.368 INFO [main] org.apache.catalina.startup.HostConfig.deployDirectory Deploying web application directory [D:\Documents\NetBeansProjects\apache-tomcat-9.0.68\webapps\docs]
08-Nov-2022 10:42:21.436 INFO [main] org.apache.catalina.startup.HostConfig.deployDirectory Deployment of web application directory [D:\Documents\NetBeansProjects\apache-tomcat-9.0.68\webapps\docs] has finished in [68] ms
08-Nov-2022 10:42:21.436 INFO [main] org.apache.catalina.startup.HostConfig.deployDirectory Deploying web application directory [D:\Documents\NetBeansProjects\apache-tomcat-9.0.68\webapps\examples]
08-Nov-2022 10:42:22.238 INFO [main] org.apache.catalina.startup.HostConfig.deployDirectory Deployment of web application directory [D:\Documents\NetBeansProjects\apache-tomcat-9.0.68\webapps\examples] has finished in [802] ms
08-Nov-2022 10:42:22.238 INFO [main] org.apache.catalina.startup.HostConfig.deployDirectory Deploying web application directory [D:\Documents\NetBeansProjects\apache-tomcat-9.0.68\webapps\host-manager]
08-Nov-2022 10:42:22.278 INFO [main] org.apache.catalina.startup.HostConfig.deployDirectory Deployment of web application directory [D:\Documents\NetBeansProjects\apache-tomcat-9.0.68\webapps\host-manager] has finished in [40] ms
08-Nov-2022 10:42:22.278 INFO [main] org.apache.catalina.startup.HostConfig.deployDirectory Deploying web application directory [D:\Documents\NetBeansProjects\apache-tomcat-9.0.68\webapps\manager]
08-Nov-2022 10:42:22.378 INFO [main] org.apache.catalina.startup.HostConfig.deployDirectory Deployment of web application directory [D:\Documents\NetBeansProjects\apache-tomcat-9.0.68\webapps\manager] has finished in [100] ms
08-Nov-2022 10:42:22.378 INFO [main] org.apache.catalina.startup.HostConfig.deployDirectory Deploying web application directory [D:\Documents\NetBeansProjects\apache-tomcat-9.0.68\webapps\ROOT]
08-Nov-2022 10:42:22.410 INFO [main] org.apache.catalina.startup.HostConfig.deployDirectory Deployment of web application directory [D:\Documents\NetBeansProjects\apache-tomcat-9.0.68\webapps\ROOT] has finished in [32] ms
08-Nov-2022 10:42:22.418 INFO [main] org.apache.coyote.AbstractProtocol.start Starting ProtocolHandler ["http-nio-8080"]
08-Nov-2022 10:42:22.479 INFO [main] org.apache.catalina.startup.Catalina.start Server startup in [2090] milliseconds
08-Nov-2022 10:42:25.782 INFO [http-nio-8080-exec-9] org.apache.catalina.startup.HostConfig.undeploy Undeploying context [/tplp016]
08-Nov-2022 10:42:25.894 INFO [http-nio-8080-exec-6] org.apache.catalina.startup.HostConfig.deployDescriptor Deploying deployment descriptor [D:\Documents\NetBeansProjects\apache-tomcat-9.0.68\conf\Catalina\localhost\tplp016.xml]
08-Nov-2022 10:42:25.902 WARNING [http-nio-8080-exec-6] org.apache.catalina.startup.HostConfig.deployDescriptor The path attribute with value [/tplp016] in deployment descriptor [D:\Documents\NetBeansProjects\apache-tomcat-9.0.68\conf\Catalina\localhost\tplp016.xml] has been ignored
08-Nov-2022 10:42:25.967 INFO [http-nio-8080-exec-6] org.apache.catalina.startup.HostConfig.deployDescriptor Deployment of deployment descriptor [D:\Documents\NetBeansProjects\apache-tomcat-9.0.68\conf\Catalina\localhost\tplp016.xml] has finished in [73] ms
08-Nov-2022 10:42:25.975 INFO [http-nio-8080-exec-7] org.apache.catalina.util.LifecycleBase.start The start() method was called on component [StandardEngine[Catalina].StandardHost[localhost].StandardContext[/tplp016]] after start() had already been called. The second call will be ignored.
08-Nov-2022 11:58:26.171 INFO [main] org.apache.catalina.core.StandardServer.await A valid shutdown command was received via the shutdown port. Stopping the Server instance.
08-Nov-2022 11:58:26.171 INFO [main] org.apache.coyote.AbstractProtocol.pause Pausing ProtocolHandler ["http-nio-8080"]
08-Nov-2022 11:58:26.571 INFO [main] org.apache.catalina.core.StandardService.stopInternal Stopping service [Catalina]
08-Nov-2022 11:58:26.621 INFO [main] org.apache.coyote.AbstractProtocol.stop Stopping ProtocolHandler ["http-nio-8080"]
08-Nov-2022 11:58:26.638 INFO [main] org.apache.coyote.AbstractProtocol.destroy Destroying ProtocolHandler ["http-nio-8080"]
