07-Dec-2022 13:44:45.844 INFO [main] org.apache.catalina.startup.VersionLoggerListener.log Server version name:   Apache Tomcat/9.0.68
07-Dec-2022 13:44:45.848 INFO [main] org.apache.catalina.startup.VersionLoggerListener.log Server built:          Oct 3 2022 19:06:10 UTC
07-Dec-2022 13:44:45.849 INFO [main] org.apache.catalina.startup.VersionLoggerListener.log Server version number: 9.0.68.0
07-Dec-2022 13:44:45.849 INFO [main] org.apache.catalina.startup.VersionLoggerListener.log OS Name:               Windows 10
07-Dec-2022 13:44:45.849 INFO [main] org.apache.catalina.startup.VersionLoggerListener.log OS Version:            10.0
07-Dec-2022 13:44:45.849 INFO [main] org.apache.catalina.startup.VersionLoggerListener.log Architecture:          amd64
07-Dec-2022 13:44:45.850 INFO [main] org.apache.catalina.startup.VersionLoggerListener.log Java Home:             C:\Program Files\Java\jdk1.8.0_221\jre
07-Dec-2022 13:44:45.850 INFO [main] org.apache.catalina.startup.VersionLoggerListener.log JVM Version:           1.8.0_221-b11
07-Dec-2022 13:44:45.850 INFO [main] org.apache.catalina.startup.VersionLoggerListener.log JVM Vendor:            Oracle Corporation
07-Dec-2022 13:44:45.850 INFO [main] org.apache.catalina.startup.VersionLoggerListener.log CATALINA_BASE:         D:\Documents\NetBeansProjects\apache-tomcat-9.0.68
07-Dec-2022 13:44:45.850 INFO [main] org.apache.catalina.startup.VersionLoggerListener.log CATALINA_HOME:         D:\Documents\NetBeansProjects\apache-tomcat-9.0.68
07-Dec-2022 13:44:45.853 INFO [main] org.apache.catalina.startup.VersionLoggerListener.log Command line argument: -Djava.util.logging.config.file=D:\Documents\NetBeansProjects\apache-tomcat-9.0.68\conf\logging.properties
07-Dec-2022 13:44:45.854 INFO [main] org.apache.catalina.startup.VersionLoggerListener.log Command line argument: -Djava.util.logging.manager=org.apache.juli.ClassLoaderLogManager
07-Dec-2022 13:44:45.854 INFO [main] org.apache.catalina.startup.VersionLoggerListener.log Command line argument: -Dhttp.nonProxyHosts=localhost|127.0.0.1|DESKTOP-ANDRI
07-Dec-2022 13:44:45.854 INFO [main] org.apache.catalina.startup.VersionLoggerListener.log Command line argument: -Djdk.tls.ephemeralDHKeySize=2048
07-Dec-2022 13:44:45.854 INFO [main] org.apache.catalina.startup.VersionLoggerListener.log Command line argument: -Djava.protocol.handler.pkgs=org.apache.catalina.webresources
07-Dec-2022 13:44:45.855 INFO [main] org.apache.catalina.startup.VersionLoggerListener.log Command line argument: -Dignore.endorsed.dirs=
07-Dec-2022 13:44:45.855 INFO [main] org.apache.catalina.startup.VersionLoggerListener.log Command line argument: -Dcatalina.base=D:\Documents\NetBeansProjects\apache-tomcat-9.0.68
07-Dec-2022 13:44:45.855 INFO [main] org.apache.catalina.startup.VersionLoggerListener.log Command line argument: -Dcatalina.home=D:\Documents\NetBeansProjects\apache-tomcat-9.0.68
07-Dec-2022 13:44:45.855 INFO [main] org.apache.catalina.startup.VersionLoggerListener.log Command line argument: -Djava.io.tmpdir=D:\Documents\NetBeansProjects\apache-tomcat-9.0.68\temp
07-Dec-2022 13:44:45.884 INFO [main] org.apache.catalina.core.AprLifecycleListener.lifecycleEvent The Apache Tomcat Native library which allows using OpenSSL was not found on the java.library.path: [C:\Program Files\Java\jdk1.8.0_221\bin;C:\WINDOWS\Sun\Java\bin;C:\WINDOWS\system32;C:\WINDOWS;C:\Program Files (x86)\Common Files\Intel\Shared Libraries\redist\intel64\compiler;C:\Program Files (x86)\Common Files\Oracle\Java\javapath;C:\Windows\system32;C:\Windows;C:\Windows\System32\Wbem;C:\Windows\System32\WindowsPowerShell\v1.0\;C:\Windows\System32\OpenSSH\;C:\Program Files\NVIDIA Corporation\NVIDIA NvDLISR;C:\Program Files (x86)\NVIDIA Corporation\PhysX\Common;C:\WINDOWS\system32;C:\WINDOWS;C:\WINDOWS\System32\Wbem;C:\WINDOWS\System32\WindowsPowerShell\v1.0\;C:\WINDOWS\System32\OpenSSH\;C:\Program Files (x86)\GtkSharp\2.12\bin;C:\Program Files (x86)\Microsoft SQL Server\110\Tools\Binn\;C:\Program Files\Microsoft SQL Server\110\Tools\Binn\;C:\Program Files\Microsoft SQL Server\110\DTS\Binn\;C:\Program Files (x86)\Microsoft SQL Server\110\Tools\Binn\ManagementStudio\;C:\Program Files (x86)\Microsoft Visual Studio 10.0\Common7\IDE\PrivateAssemblies\;C:\Program Files (x86)\Microsoft SQL Server\110\DTS\Binn\;C:\Program Files\Git\cmd;C:\Users\andri\AppData\Local\Microsoft\WindowsApps;C:\Users\andri\AppData\Local\GitHubDesktop\bin;C:\Users\andri\AppData\Local\Programs\Microsoft VS Code\bin;C:\Program Files\Java\jdk1.8.0_221\bin;;.]
07-Dec-2022 13:44:46.689 INFO [main] org.apache.coyote.AbstractProtocol.init Initializing ProtocolHandler ["http-nio-8080"]
07-Dec-2022 13:44:46.753 INFO [main] org.apache.catalina.startup.Catalina.load Server initialization in [2122] milliseconds
07-Dec-2022 13:44:46.805 INFO [main] org.apache.catalina.core.StandardService.startInternal Starting service [Catalina]
07-Dec-2022 13:44:46.805 INFO [main] org.apache.catalina.core.StandardEngine.startInternal Starting Servlet engine: [Apache Tomcat/9.0.68]
07-Dec-2022 13:44:46.820 INFO [main] org.apache.catalina.startup.HostConfig.deployDescriptor Deploying deployment descriptor [D:\Documents\NetBeansProjects\apache-tomcat-9.0.68\conf\Catalina\localhost\latihan_project_andri.xml]
07-Dec-2022 13:44:46.853 WARNING [main] org.apache.catalina.startup.HostConfig.deployDescriptor The path attribute with value [/latihan_project_andri] in deployment descriptor [D:\Documents\NetBeansProjects\apache-tomcat-9.0.68\conf\Catalina\localhost\latihan_project_andri.xml] has been ignored
07-Dec-2022 13:44:48.022 WARNING [main] org.apache.catalina.util.SessionIdGeneratorBase.createSecureRandom Creation of SecureRandom instance for session ID generation using [SHA1PRNG] took [304] milliseconds.
07-Dec-2022 13:44:48.107 INFO [main] org.apache.catalina.startup.HostConfig.deployDescriptor Deployment of deployment descriptor [D:\Documents\NetBeansProjects\apache-tomcat-9.0.68\conf\Catalina\localhost\latihan_project_andri.xml] has finished in [1,287] ms
07-Dec-2022 13:44:48.108 INFO [main] org.apache.catalina.startup.HostConfig.deployDescriptor Deploying deployment descriptor [D:\Documents\NetBeansProjects\apache-tomcat-9.0.68\conf\Catalina\localhost\MateriSessionCookies.xml]
07-Dec-2022 13:44:48.109 WARNING [main] org.apache.catalina.startup.HostConfig.deployDescriptor The path attribute with value [/MateriSessionCookies] in deployment descriptor [D:\Documents\NetBeansProjects\apache-tomcat-9.0.68\conf\Catalina\localhost\MateriSessionCookies.xml] has been ignored
07-Dec-2022 13:44:48.140 INFO [main] org.apache.catalina.startup.HostConfig.deployDescriptor Deployment of deployment descriptor [D:\Documents\NetBeansProjects\apache-tomcat-9.0.68\conf\Catalina\localhost\MateriSessionCookies.xml] has finished in [31] ms
07-Dec-2022 13:44:48.140 INFO [main] org.apache.catalina.startup.HostConfig.deployDescriptor Deploying deployment descriptor [D:\Documents\NetBeansProjects\apache-tomcat-9.0.68\conf\Catalina\localhost\tplp016.xml]
07-Dec-2022 13:44:48.142 WARNING [main] org.apache.catalina.startup.HostConfig.deployDescriptor The path attribute with value [/tplp016] in deployment descriptor [D:\Documents\NetBeansProjects\apache-tomcat-9.0.68\conf\Catalina\localhost\tplp016.xml] has been ignored
07-Dec-2022 13:44:48.173 INFO [main] org.apache.catalina.startup.HostConfig.deployDescriptor Deployment of deployment descriptor [D:\Documents\NetBeansProjects\apache-tomcat-9.0.68\conf\Catalina\localhost\tplp016.xml] has finished in [32] ms
07-Dec-2022 13:44:48.174 INFO [main] org.apache.catalina.startup.HostConfig.deployDirectory Deploying web application directory [D:\Documents\NetBeansProjects\apache-tomcat-9.0.68\webapps\docs]
07-Dec-2022 13:44:48.209 INFO [main] org.apache.catalina.startup.HostConfig.deployDirectory Deployment of web application directory [D:\Documents\NetBeansProjects\apache-tomcat-9.0.68\webapps\docs] has finished in [35] ms
07-Dec-2022 13:44:48.210 INFO [main] org.apache.catalina.startup.HostConfig.deployDirectory Deploying web application directory [D:\Documents\NetBeansProjects\apache-tomcat-9.0.68\webapps\examples]
07-Dec-2022 13:44:49.108 INFO [main] org.apache.catalina.startup.HostConfig.deployDirectory Deployment of web application directory [D:\Documents\NetBeansProjects\apache-tomcat-9.0.68\webapps\examples] has finished in [899] ms
07-Dec-2022 13:44:49.109 INFO [main] org.apache.catalina.startup.HostConfig.deployDirectory Deploying web application directory [D:\Documents\NetBeansProjects\apache-tomcat-9.0.68\webapps\host-manager]
07-Dec-2022 13:44:49.203 INFO [main] org.apache.catalina.startup.HostConfig.deployDirectory Deployment of web application directory [D:\Documents\NetBeansProjects\apache-tomcat-9.0.68\webapps\host-manager] has finished in [93] ms
07-Dec-2022 13:44:49.204 INFO [main] org.apache.catalina.startup.HostConfig.deployDirectory Deploying web application directory [D:\Documents\NetBeansProjects\apache-tomcat-9.0.68\webapps\manager]
07-Dec-2022 13:44:49.349 INFO [main] org.apache.catalina.startup.HostConfig.deployDirectory Deployment of web application directory [D:\Documents\NetBeansProjects\apache-tomcat-9.0.68\webapps\manager] has finished in [145] ms
07-Dec-2022 13:44:49.355 INFO [main] org.apache.coyote.AbstractProtocol.start Starting ProtocolHandler ["http-nio-8080"]
07-Dec-2022 13:44:49.390 INFO [main] org.apache.catalina.startup.Catalina.start Server startup in [2636] milliseconds
07-Dec-2022 13:45:12.015 INFO [http-nio-8080-exec-2] org.apache.catalina.startup.HostConfig.undeploy Undeploying context [/latihan_project_andri]
07-Dec-2022 13:45:12.316 INFO [http-nio-8080-exec-4] org.apache.catalina.startup.HostConfig.deployDescriptor Deploying deployment descriptor [D:\Documents\NetBeansProjects\apache-tomcat-9.0.68\conf\Catalina\localhost\latihan_project_andri.xml]
07-Dec-2022 13:45:12.373 WARNING [http-nio-8080-exec-4] org.apache.catalina.startup.HostConfig.deployDescriptor The path attribute with value [/latihan_project_andri] in deployment descriptor [D:\Documents\NetBeansProjects\apache-tomcat-9.0.68\conf\Catalina\localhost\latihan_project_andri.xml] has been ignored
07-Dec-2022 13:45:12.502 INFO [http-nio-8080-exec-4] org.apache.catalina.startup.HostConfig.deployDescriptor Deployment of deployment descriptor [D:\Documents\NetBeansProjects\apache-tomcat-9.0.68\conf\Catalina\localhost\latihan_project_andri.xml] has finished in [187] ms
07-Dec-2022 13:45:12.514 INFO [http-nio-8080-exec-6] org.apache.catalina.util.LifecycleBase.start The start() method was called on component [StandardEngine[Catalina].StandardHost[localhost].StandardContext[/latihan_project_andri]] after start() had already been called. The second call will be ignored.
