02-Nov-2022 21:40:55.790 INFO [main] org.apache.catalina.startup.VersionLoggerListener.log Server version name:   Apache Tomcat/9.0.68
02-Nov-2022 21:40:55.793 INFO [main] org.apache.catalina.startup.VersionLoggerListener.log Server built:          Oct 3 2022 19:06:10 UTC
02-Nov-2022 21:40:55.793 INFO [main] org.apache.catalina.startup.VersionLoggerListener.log Server version number: 9.0.68.0
02-Nov-2022 21:40:55.793 INFO [main] org.apache.catalina.startup.VersionLoggerListener.log OS Name:               Windows 10
02-Nov-2022 21:40:55.794 INFO [main] org.apache.catalina.startup.VersionLoggerListener.log OS Version:            10.0
02-Nov-2022 21:40:55.794 INFO [main] org.apache.catalina.startup.VersionLoggerListener.log Architecture:          amd64
02-Nov-2022 21:40:55.794 INFO [main] org.apache.catalina.startup.VersionLoggerListener.log Java Home:             C:\Program Files\Java\jdk1.8.0_221\jre
02-Nov-2022 21:40:55.794 INFO [main] org.apache.catalina.startup.VersionLoggerListener.log JVM Version:           1.8.0_221-b11
02-Nov-2022 21:40:55.794 INFO [main] org.apache.catalina.startup.VersionLoggerListener.log JVM Vendor:            Oracle Corporation
02-Nov-2022 21:40:55.794 INFO [main] org.apache.catalina.startup.VersionLoggerListener.log CATALINA_BASE:         D:\Documents\NetBeansProjects\apache-tomcat-9.0.68
02-Nov-2022 21:40:55.794 INFO [main] org.apache.catalina.startup.VersionLoggerListener.log CATALINA_HOME:         D:\Documents\NetBeansProjects\apache-tomcat-9.0.68
02-Nov-2022 21:40:55.796 INFO [main] org.apache.catalina.startup.VersionLoggerListener.log Command line argument: -Djava.util.logging.config.file=D:\Documents\NetBeansProjects\apache-tomcat-9.0.68\conf\logging.properties
02-Nov-2022 21:40:55.796 INFO [main] org.apache.catalina.startup.VersionLoggerListener.log Command line argument: -Djava.util.logging.manager=org.apache.juli.ClassLoaderLogManager
02-Nov-2022 21:40:55.796 INFO [main] org.apache.catalina.startup.VersionLoggerListener.log Command line argument: -Dhttp.nonProxyHosts=localhost|127.0.0.1|DESKTOP-ANDRI
02-Nov-2022 21:40:55.796 INFO [main] org.apache.catalina.startup.VersionLoggerListener.log Command line argument: -Djdk.tls.ephemeralDHKeySize=2048
02-Nov-2022 21:40:55.796 INFO [main] org.apache.catalina.startup.VersionLoggerListener.log Command line argument: -Djava.protocol.handler.pkgs=org.apache.catalina.webresources
02-Nov-2022 21:40:55.796 INFO [main] org.apache.catalina.startup.VersionLoggerListener.log Command line argument: -Dignore.endorsed.dirs=
02-Nov-2022 21:40:55.797 INFO [main] org.apache.catalina.startup.VersionLoggerListener.log Command line argument: -Dcatalina.base=D:\Documents\NetBeansProjects\apache-tomcat-9.0.68
02-Nov-2022 21:40:55.797 INFO [main] org.apache.catalina.startup.VersionLoggerListener.log Command line argument: -Dcatalina.home=D:\Documents\NetBeansProjects\apache-tomcat-9.0.68
02-Nov-2022 21:40:55.797 INFO [main] org.apache.catalina.startup.VersionLoggerListener.log Command line argument: -Djava.io.tmpdir=D:\Documents\NetBeansProjects\apache-tomcat-9.0.68\temp
02-Nov-2022 21:40:55.810 INFO [main] org.apache.catalina.core.AprLifecycleListener.lifecycleEvent The Apache Tomcat Native library which allows using OpenSSL was not found on the java.library.path: [C:\Program Files\Java\jdk1.8.0_221\bin;C:\WINDOWS\Sun\Java\bin;C:\WINDOWS\system32;C:\WINDOWS;C:\Program Files (x86)\Common Files\Intel\Shared Libraries\redist\intel64\compiler;C:\Program Files (x86)\Common Files\Oracle\Java\javapath;C:\Windows\system32;C:\Windows;C:\Windows\System32\Wbem;C:\Windows\System32\WindowsPowerShell\v1.0\;C:\Windows\System32\OpenSSH\;C:\Program Files\NVIDIA Corporation\NVIDIA NvDLISR;C:\Program Files (x86)\NVIDIA Corporation\PhysX\Common;C:\WINDOWS\system32;C:\WINDOWS;C:\WINDOWS\System32\Wbem;C:\WINDOWS\System32\WindowsPowerShell\v1.0\;C:\WINDOWS\System32\OpenSSH\;C:\Program Files (x86)\GtkSharp\2.12\bin;C:\Program Files (x86)\Microsoft SQL Server\110\Tools\Binn\;C:\Program Files\Microsoft SQL Server\110\Tools\Binn\;C:\Program Files\Microsoft SQL Server\110\DTS\Binn\;C:\Program Files (x86)\Microsoft SQL Server\110\Tools\Binn\ManagementStudio\;C:\Program Files (x86)\Microsoft Visual Studio 10.0\Common7\IDE\PrivateAssemblies\;C:\Program Files (x86)\Microsoft SQL Server\110\DTS\Binn\;C:\Program Files\Git\cmd;C:\Users\andri\AppData\Local\Microsoft\WindowsApps;C:\Users\andri\AppData\Local\GitHubDesktop\bin;C:\Users\andri\AppData\Local\Programs\Microsoft VS Code\bin;C:\Program Files\Java\jdk1.8.0_221\bin;;.]
02-Nov-2022 21:40:57.035 INFO [main] org.apache.coyote.AbstractProtocol.init Initializing ProtocolHandler ["http-nio-8080"]
02-Nov-2022 21:40:57.205 INFO [main] org.apache.catalina.startup.Catalina.load Server initialization in [1774] milliseconds
02-Nov-2022 21:40:57.292 INFO [main] org.apache.catalina.core.StandardService.startInternal Starting service [Catalina]
02-Nov-2022 21:40:57.293 INFO [main] org.apache.catalina.core.StandardEngine.startInternal Starting Servlet engine: [Apache Tomcat/9.0.68]
02-Nov-2022 21:40:57.309 INFO [main] org.apache.catalina.startup.HostConfig.deployDescriptor Deploying deployment descriptor [D:\Documents\NetBeansProjects\apache-tomcat-9.0.68\conf\Catalina\localhost\tplp016.xml]
02-Nov-2022 21:40:57.369 WARNING [main] org.apache.catalina.startup.HostConfig.deployDescriptor The path attribute with value [/tplp016] in deployment descriptor [D:\Documents\NetBeansProjects\apache-tomcat-9.0.68\conf\Catalina\localhost\tplp016.xml] has been ignored
02-Nov-2022 21:40:58.613 WARNING [main] org.apache.catalina.util.SessionIdGeneratorBase.createSecureRandom Creation of SecureRandom instance for session ID generation using [SHA1PRNG] took [691] milliseconds.
02-Nov-2022 21:40:58.713 INFO [main] org.apache.catalina.startup.HostConfig.deployDescriptor Deployment of deployment descriptor [D:\Documents\NetBeansProjects\apache-tomcat-9.0.68\conf\Catalina\localhost\tplp016.xml] has finished in [1,404] ms
02-Nov-2022 21:40:58.714 INFO [main] org.apache.catalina.startup.HostConfig.deployDirectory Deploying web application directory [D:\Documents\NetBeansProjects\apache-tomcat-9.0.68\webapps\docs]
02-Nov-2022 21:40:58.811 INFO [main] org.apache.catalina.startup.HostConfig.deployDirectory Deployment of web application directory [D:\Documents\NetBeansProjects\apache-tomcat-9.0.68\webapps\docs] has finished in [97] ms
02-Nov-2022 21:40:58.813 INFO [main] org.apache.catalina.startup.HostConfig.deployDirectory Deploying web application directory [D:\Documents\NetBeansProjects\apache-tomcat-9.0.68\webapps\examples]
02-Nov-2022 21:41:00.082 INFO [main] org.apache.catalina.startup.HostConfig.deployDirectory Deployment of web application directory [D:\Documents\NetBeansProjects\apache-tomcat-9.0.68\webapps\examples] has finished in [1,269] ms
02-Nov-2022 21:41:00.083 INFO [main] org.apache.catalina.startup.HostConfig.deployDirectory Deploying web application directory [D:\Documents\NetBeansProjects\apache-tomcat-9.0.68\webapps\host-manager]
02-Nov-2022 21:41:00.289 INFO [main] org.apache.catalina.startup.HostConfig.deployDirectory Deployment of web application directory [D:\Documents\NetBeansProjects\apache-tomcat-9.0.68\webapps\host-manager] has finished in [207] ms
02-Nov-2022 21:41:00.289 INFO [main] org.apache.catalina.startup.HostConfig.deployDirectory Deploying web application directory [D:\Documents\NetBeansProjects\apache-tomcat-9.0.68\webapps\manager]
02-Nov-2022 21:41:00.381 INFO [main] org.apache.catalina.startup.HostConfig.deployDirectory Deployment of web application directory [D:\Documents\NetBeansProjects\apache-tomcat-9.0.68\webapps\manager] has finished in [91] ms
02-Nov-2022 21:41:00.381 INFO [main] org.apache.catalina.startup.HostConfig.deployDirectory Deploying web application directory [D:\Documents\NetBeansProjects\apache-tomcat-9.0.68\webapps\ROOT]
02-Nov-2022 21:41:00.635 INFO [main] org.apache.catalina.startup.HostConfig.deployDirectory Deployment of web application directory [D:\Documents\NetBeansProjects\apache-tomcat-9.0.68\webapps\ROOT] has finished in [253] ms
02-Nov-2022 21:41:00.651 INFO [main] org.apache.coyote.AbstractProtocol.start Starting ProtocolHandler ["http-nio-8080"]
02-Nov-2022 21:41:00.736 INFO [main] org.apache.catalina.startup.Catalina.start Server startup in [3531] milliseconds
02-Nov-2022 21:41:03.451 INFO [http-nio-8080-exec-9] org.apache.catalina.startup.HostConfig.undeploy Undeploying context [/tplp016]
02-Nov-2022 21:41:03.509 INFO [http-nio-8080-exec-5] org.apache.catalina.startup.HostConfig.deployDescriptor Deploying deployment descriptor [D:\Documents\NetBeansProjects\apache-tomcat-9.0.68\conf\Catalina\localhost\tplp016.xml]
02-Nov-2022 21:41:03.511 WARNING [http-nio-8080-exec-5] org.apache.catalina.startup.HostConfig.deployDescriptor The path attribute with value [/tplp016] in deployment descriptor [D:\Documents\NetBeansProjects\apache-tomcat-9.0.68\conf\Catalina\localhost\tplp016.xml] has been ignored
02-Nov-2022 21:41:03.544 INFO [http-nio-8080-exec-5] org.apache.catalina.startup.HostConfig.deployDescriptor Deployment of deployment descriptor [D:\Documents\NetBeansProjects\apache-tomcat-9.0.68\conf\Catalina\localhost\tplp016.xml] has finished in [36] ms
02-Nov-2022 21:41:03.554 INFO [http-nio-8080-exec-5] org.apache.catalina.util.LifecycleBase.start The start() method was called on component [StandardEngine[Catalina].StandardHost[localhost].StandardContext[/tplp016]] after start() had already been called. The second call will be ignored.
02-Nov-2022 21:47:27.117 INFO [main] org.apache.catalina.core.StandardServer.await A valid shutdown command was received via the shutdown port. Stopping the Server instance.
02-Nov-2022 21:47:27.117 INFO [main] org.apache.coyote.AbstractProtocol.pause Pausing ProtocolHandler ["http-nio-8080"]
02-Nov-2022 21:47:27.340 INFO [main] org.apache.catalina.core.StandardService.stopInternal Stopping service [Catalina]
02-Nov-2022 21:47:27.378 INFO [main] org.apache.coyote.AbstractProtocol.stop Stopping ProtocolHandler ["http-nio-8080"]
02-Nov-2022 21:47:27.384 INFO [main] org.apache.coyote.AbstractProtocol.destroy Destroying ProtocolHandler ["http-nio-8080"]
