14-Dec-2022 08:17:12.835 INFO [main] org.apache.catalina.core.ApplicationContext.log ContextListener: contextInitialized()
14-Dec-2022 08:17:12.836 INFO [main] org.apache.catalina.core.ApplicationContext.log SessionListener: contextInitialized()
14-Dec-2022 08:17:12.841 INFO [main] org.apache.catalina.core.ApplicationContext.log ContextListener: attributeAdded('StockTicker', 'async.Stockticker@157853da')
14-Dec-2022 08:38:13.609 INFO [main] org.apache.catalina.core.ApplicationContext.log SessionListener: contextDestroyed()
14-Dec-2022 08:38:13.609 INFO [main] org.apache.catalina.core.ApplicationContext.log ContextListener: contextDestroyed()
14-Dec-2022 08:39:26.046 INFO [main] org.apache.catalina.core.ApplicationContext.log ContextListener: contextInitialized()
14-Dec-2022 08:39:26.047 INFO [main] org.apache.catalina.core.ApplicationContext.log SessionListener: contextInitialized()
14-Dec-2022 08:39:26.049 INFO [main] org.apache.catalina.core.ApplicationContext.log ContextListener: attributeAdded('StockTicker', 'async.Stockticker@41c2284a')
14-Dec-2022 08:56:48.806 INFO [main] org.apache.catalina.core.ApplicationContext.log SessionListener: contextDestroyed()
14-Dec-2022 08:56:48.806 INFO [main] org.apache.catalina.core.ApplicationContext.log ContextListener: contextDestroyed()
14-Dec-2022 10:38:14.567 INFO [main] org.apache.catalina.core.ApplicationContext.log ContextListener: contextInitialized()
14-Dec-2022 10:38:14.568 INFO [main] org.apache.catalina.core.ApplicationContext.log SessionListener: contextInitialized()
14-Dec-2022 10:38:14.570 INFO [main] org.apache.catalina.core.ApplicationContext.log ContextListener: attributeAdded('StockTicker', 'async.Stockticker@306cf3ea')
14-Dec-2022 10:40:43.710 INFO [main] org.apache.catalina.core.ApplicationContext.log SessionListener: contextDestroyed()
14-Dec-2022 10:40:43.710 INFO [main] org.apache.catalina.core.ApplicationContext.log ContextListener: contextDestroyed()
14-Dec-2022 12:06:40.462 INFO [main] org.apache.catalina.core.ApplicationContext.log ContextListener: contextInitialized()
14-Dec-2022 12:06:40.462 INFO [main] org.apache.catalina.core.ApplicationContext.log SessionListener: contextInitialized()
14-Dec-2022 12:06:40.464 INFO [main] org.apache.catalina.core.ApplicationContext.log ContextListener: attributeAdded('StockTicker', 'async.Stockticker@3541cb24')
14-Dec-2022 12:55:58.750 INFO [main] org.apache.catalina.core.ApplicationContext.log SessionListener: contextDestroyed()
14-Dec-2022 12:55:58.750 INFO [main] org.apache.catalina.core.ApplicationContext.log ContextListener: contextDestroyed()
